<?xml version="1.0" encoding="UTF-8"?>
<!-- Generated by org.testng.reporters.JUnitXMLReporter -->
<testsuite ignored="1" hostname="DESKTOP-LEB444I" failures="0" tests="2" name="Test" time="19.409" errors="0" timestamp="2025-05-29T18:09:57 COT">
  <testcase classname="testCases.TC001_AccountRegistrationTest" name="verifyAccountRegistration" time="3.79"/>
  <testcase classname="testCases.TC002_LoginTest" name="verifyLogin" time="2.616"/>
  <testcase classname="testCases.TC003_LoginDDT" name="verifyLoginDDT" time="0.0">
    <ignored/>
  </testcase> <!-- verifyLoginDDT -->
</testsuite> <!-- Test -->
