<?xml version="1.0" encoding="UTF-8"?>
<testng-results ignored="0" total="2" passed="2" failed="0" skipped="0">
  <reporter-output>
  </reporter-output>
  <suite started-at="2025-06-06T14:40:59 COT" name="Master Suite" finished-at="2025-06-06T14:41:22 COT" duration-ms="23246">
    <groups>
      <group name="Master">
        <method signature="TC001_AccountRegistrationTest.verifyAccountRegistration()[pri:1, instance:testCases.TC001_AccountRegistrationTest@2fd953a6]" name="verifyAccountRegistration" class="testCases.TC001_AccountRegistrationTest"/>
        <method signature="TC002_LoginTest.verifyLogin()[pri:1, instance:testCases.TC002_LoginTest@61fe30]" name="verifyLogin" class="testCases.TC002_LoginTest"/>
      </group> <!-- Master -->
      <group name="Sanity">
        <method signature="TC002_LoginTest.verifyLogin()[pri:1, instance:testCases.TC002_LoginTest@61fe30]" name="verifyLogin" class="testCases.TC002_LoginTest"/>
      </group> <!-- Sanity -->
      <group name="Regression">
        <method signature="TC001_AccountRegistrationTest.verifyAccountRegistration()[pri:1, instance:testCases.TC001_AccountRegistrationTest@2fd953a6]" name="verifyAccountRegistration" class="testCases.TC001_AccountRegistrationTest"/>
      </group> <!-- Regression -->
    </groups>
    <test started-at="2025-06-06T14:40:59 COT" name="Test" finished-at="2025-06-06T14:41:22 COT" duration-ms="23246">
      <class name="testCases.TC002_LoginTest">
        <test-method is-config="true" signature="setup(java.lang.String,java.lang.String)[pri:0, instance:testCases.TC002_LoginTest@61fe30]" started-at="2025-06-06T14:41:12 COT" name="setup" finished-at="2025-06-06T14:41:18 COT" duration-ms="5743" status="PASS">
          <params>
            <param index="0">
              <value>
                <![CDATA[windows]]>
              </value>
            </param>
            <param index="1">
              <value>
                <![CDATA[edge]]>
              </value>
            </param>
          </params>
          <reporter-output>
          </reporter-output>
        </test-method> <!-- setup -->
        <test-method signature="verifyLogin()[pri:1, instance:testCases.TC002_LoginTest@61fe30]" started-at="2025-06-06T14:41:18 COT" name="verifyLogin" finished-at="2025-06-06T14:41:21 COT" duration-ms="2645" status="PASS">
          <reporter-output>
          </reporter-output>
        </test-method> <!-- verifyLogin -->
        <test-method is-config="true" signature="tearDown()[pri:0, instance:testCases.TC002_LoginTest@61fe30]" started-at="2025-06-06T14:41:21 COT" name="tearDown" finished-at="2025-06-06T14:41:22 COT" duration-ms="1596" status="PASS">
          <reporter-output>
          </reporter-output>
        </test-method> <!-- tearDown -->
      </class> <!-- testCases.TC002_LoginTest -->
      <class name="testCases.TC001_AccountRegistrationTest">
        <test-method is-config="true" signature="setup(java.lang.String,java.lang.String)[pri:0, instance:testCases.TC001_AccountRegistrationTest@2fd953a6]" started-at="2025-06-06T14:41:00 COT" name="setup" finished-at="2025-06-06T14:41:07 COT" duration-ms="7190" status="PASS">
          <params>
            <param index="0">
              <value>
                <![CDATA[windows]]>
              </value>
            </param>
            <param index="1">
              <value>
                <![CDATA[edge]]>
              </value>
            </param>
          </params>
          <reporter-output>
          </reporter-output>
        </test-method> <!-- setup -->
        <test-method signature="verifyAccountRegistration()[pri:1, instance:testCases.TC001_AccountRegistrationTest@2fd953a6]" started-at="2025-06-06T14:41:07 COT" name="verifyAccountRegistration" finished-at="2025-06-06T14:41:11 COT" duration-ms="3927" status="PASS">
          <reporter-output>
          </reporter-output>
        </test-method> <!-- verifyAccountRegistration -->
        <test-method is-config="true" signature="tearDown()[pri:0, instance:testCases.TC001_AccountRegistrationTest@2fd953a6]" started-at="2025-06-06T14:41:11 COT" name="tearDown" finished-at="2025-06-06T14:41:12 COT" duration-ms="1639" status="PASS">
          <reporter-output>
          </reporter-output>
        </test-method> <!-- tearDown -->
      </class> <!-- testCases.TC001_AccountRegistrationTest -->
    </test> <!-- Test -->
  </suite> <!-- Master Suite -->
</testng-results>
