<?xml version="1.0" encoding="UTF-8"?>
<testng-results ignored="0" total="6" passed="6" failed="0" skipped="0">
  <reporter-output>
  </reporter-output>
  <suite started-at="2025-06-05T15:24:03 COT" name="Suite" finished-at="2025-06-05T15:27:01 COT" duration-ms="177815">
    <groups>
      <group name="Master">
        <method signature="TC001_AccountRegistrationTest.verifyAccountRegistration()[pri:1, instance:testCases.TC001_AccountRegistrationTest@4ff8d125]" name="verifyAccountRegistration" class="testCases.TC001_AccountRegistrationTest"/>
        <method signature="TC002_LoginTest.verifyLogin()[pri:1, instance:testCases.TC002_LoginTest@327bcebd]" name="verifyLogin" class="testCases.TC002_LoginTest"/>
        <method signature="TC001_AccountRegistrationTest.verifyAccountRegistration()[pri:1, instance:testCases.TC001_AccountRegistrationTest@416c58f5]" name="verifyAccountRegistration" class="testCases.TC001_AccountRegistrationTest"/>
        <method signature="TC002_LoginTest.verifyLogin()[pri:1, instance:testCases.TC002_LoginTest@5505ae1a]" name="verifyLogin" class="testCases.TC002_LoginTest"/>
        <method signature="TC001_AccountRegistrationTest.verifyAccountRegistration()[pri:1, instance:testCases.TC001_AccountRegistrationTest@21337f7b]" name="verifyAccountRegistration" class="testCases.TC001_AccountRegistrationTest"/>
        <method signature="TC002_LoginTest.verifyLogin()[pri:1, instance:testCases.TC002_LoginTest@2bb3058]" name="verifyLogin" class="testCases.TC002_LoginTest"/>
      </group> <!-- Master -->
      <group name="Sanity">
        <method signature="TC002_LoginTest.verifyLogin()[pri:1, instance:testCases.TC002_LoginTest@327bcebd]" name="verifyLogin" class="testCases.TC002_LoginTest"/>
        <method signature="TC002_LoginTest.verifyLogin()[pri:1, instance:testCases.TC002_LoginTest@5505ae1a]" name="verifyLogin" class="testCases.TC002_LoginTest"/>
        <method signature="TC002_LoginTest.verifyLogin()[pri:1, instance:testCases.TC002_LoginTest@2bb3058]" name="verifyLogin" class="testCases.TC002_LoginTest"/>
      </group> <!-- Sanity -->
      <group name="Regression">
        <method signature="TC001_AccountRegistrationTest.verifyAccountRegistration()[pri:1, instance:testCases.TC001_AccountRegistrationTest@4ff8d125]" name="verifyAccountRegistration" class="testCases.TC001_AccountRegistrationTest"/>
        <method signature="TC001_AccountRegistrationTest.verifyAccountRegistration()[pri:1, instance:testCases.TC001_AccountRegistrationTest@416c58f5]" name="verifyAccountRegistration" class="testCases.TC001_AccountRegistrationTest"/>
        <method signature="TC001_AccountRegistrationTest.verifyAccountRegistration()[pri:1, instance:testCases.TC001_AccountRegistrationTest@21337f7b]" name="verifyAccountRegistration" class="testCases.TC001_AccountRegistrationTest"/>
      </group> <!-- Regression -->
    </groups>
    <test started-at="2025-06-05T15:24:03 COT" name="Linux-Chrome" finished-at="2025-06-05T15:25:06 COT" duration-ms="63140">
      <class name="testCases.TC002_LoginTest">
        <test-method is-config="true" signature="setup(java.lang.String,java.lang.String)[pri:0, instance:testCases.TC002_LoginTest@327bcebd]" started-at="2025-06-05T15:24:55 COT" name="setup" finished-at="2025-06-05T15:25:01 COT" duration-ms="5805" status="PASS">
          <params>
            <param index="0">
              <value>
                <![CDATA[Linux]]>
              </value>
            </param>
            <param index="1">
              <value>
                <![CDATA[chrome]]>
              </value>
            </param>
          </params>
          <reporter-output>
          </reporter-output>
        </test-method> <!-- setup -->
        <test-method signature="verifyLogin()[pri:1, instance:testCases.TC002_LoginTest@327bcebd]" started-at="2025-06-05T15:25:01 COT" name="verifyLogin" finished-at="2025-06-05T15:25:06 COT" duration-ms="5340" status="PASS">
          <reporter-output>
          </reporter-output>
        </test-method> <!-- verifyLogin -->
        <test-method is-config="true" signature="tearDown()[pri:0, instance:testCases.TC002_LoginTest@327bcebd]" started-at="2025-06-05T15:25:06 COT" name="tearDown" finished-at="2025-06-05T15:25:06 COT" duration-ms="234" status="PASS">
          <reporter-output>
          </reporter-output>
        </test-method> <!-- tearDown -->
      </class> <!-- testCases.TC002_LoginTest -->
      <class name="testCases.TC001_AccountRegistrationTest">
        <test-method is-config="true" signature="setup(java.lang.String,java.lang.String)[pri:0, instance:testCases.TC001_AccountRegistrationTest@4ff8d125]" started-at="2025-06-05T15:24:04 COT" name="setup" finished-at="2025-06-05T15:24:35 COT" duration-ms="31333" status="PASS">
          <params>
            <param index="0">
              <value>
                <![CDATA[Linux]]>
              </value>
            </param>
            <param index="1">
              <value>
                <![CDATA[chrome]]>
              </value>
            </param>
          </params>
          <reporter-output>
          </reporter-output>
        </test-method> <!-- setup -->
        <test-method signature="verifyAccountRegistration()[pri:1, instance:testCases.TC001_AccountRegistrationTest@4ff8d125]" started-at="2025-06-05T15:24:35 COT" name="verifyAccountRegistration" finished-at="2025-06-05T15:24:55 COT" duration-ms="19381" status="PASS">
          <reporter-output>
          </reporter-output>
        </test-method> <!-- verifyAccountRegistration -->
        <test-method is-config="true" signature="tearDown()[pri:0, instance:testCases.TC001_AccountRegistrationTest@4ff8d125]" started-at="2025-06-05T15:24:55 COT" name="tearDown" finished-at="2025-06-05T15:24:55 COT" duration-ms="183" status="PASS">
          <reporter-output>
          </reporter-output>
        </test-method> <!-- tearDown -->
      </class> <!-- testCases.TC001_AccountRegistrationTest -->
    </test> <!-- Linux-Chrome -->
    <test started-at="2025-06-05T15:25:09 COT" name="Linux-FireFox" finished-at="2025-06-05T15:26:14 COT" duration-ms="64753">
      <class name="testCases.TC002_LoginTest">
        <test-method is-config="true" signature="setup(java.lang.String,java.lang.String)[pri:0, instance:testCases.TC002_LoginTest@5505ae1a]" started-at="2025-06-05T15:25:59 COT" name="setup" finished-at="2025-06-05T15:26:09 COT" duration-ms="10103" status="PASS">
          <params>
            <param index="0">
              <value>
                <![CDATA[Linux]]>
              </value>
            </param>
            <param index="1">
              <value>
                <![CDATA[firefox]]>
              </value>
            </param>
          </params>
          <reporter-output>
          </reporter-output>
        </test-method> <!-- setup -->
        <test-method signature="verifyLogin()[pri:1, instance:testCases.TC002_LoginTest@5505ae1a]" started-at="2025-06-05T15:26:09 COT" name="verifyLogin" finished-at="2025-06-05T15:26:13 COT" duration-ms="3813" status="PASS">
          <reporter-output>
          </reporter-output>
        </test-method> <!-- verifyLogin -->
        <test-method is-config="true" signature="tearDown()[pri:0, instance:testCases.TC002_LoginTest@5505ae1a]" started-at="2025-06-05T15:26:13 COT" name="tearDown" finished-at="2025-06-05T15:26:14 COT" duration-ms="1664" status="PASS">
          <reporter-output>
          </reporter-output>
        </test-method> <!-- tearDown -->
      </class> <!-- testCases.TC002_LoginTest -->
      <class name="testCases.TC001_AccountRegistrationTest">
        <test-method is-config="true" signature="setup(java.lang.String,java.lang.String)[pri:0, instance:testCases.TC001_AccountRegistrationTest@416c58f5]" started-at="2025-06-05T15:25:09 COT" name="setup" finished-at="2025-06-05T15:25:41 COT" duration-ms="31609" status="PASS">
          <params>
            <param index="0">
              <value>
                <![CDATA[Linux]]>
              </value>
            </param>
            <param index="1">
              <value>
                <![CDATA[firefox]]>
              </value>
            </param>
          </params>
          <reporter-output>
          </reporter-output>
        </test-method> <!-- setup -->
        <test-method signature="verifyAccountRegistration()[pri:1, instance:testCases.TC001_AccountRegistrationTest@416c58f5]" started-at="2025-06-05T15:25:41 COT" name="verifyAccountRegistration" finished-at="2025-06-05T15:25:55 COT" duration-ms="14211" status="PASS">
          <reporter-output>
          </reporter-output>
        </test-method> <!-- verifyAccountRegistration -->
        <test-method is-config="true" signature="tearDown()[pri:0, instance:testCases.TC001_AccountRegistrationTest@416c58f5]" started-at="2025-06-05T15:25:55 COT" name="tearDown" finished-at="2025-06-05T15:25:59 COT" duration-ms="3334" status="PASS">
          <reporter-output>
          </reporter-output>
        </test-method> <!-- tearDown -->
      </class> <!-- testCases.TC001_AccountRegistrationTest -->
    </test> <!-- Linux-FireFox -->
    <test started-at="2025-06-05T15:26:16 COT" name="Linux-Edge" finished-at="2025-06-05T15:27:01 COT" duration-ms="44883">
      <class name="testCases.TC002_LoginTest">
        <test-method is-config="true" signature="setup(java.lang.String,java.lang.String)[pri:0, instance:testCases.TC002_LoginTest@2bb3058]" started-at="2025-06-05T15:26:50 COT" name="setup" finished-at="2025-06-05T15:26:55 COT" duration-ms="5890" status="PASS">
          <params>
            <param index="0">
              <value>
                <![CDATA[Linux]]>
              </value>
            </param>
            <param index="1">
              <value>
                <![CDATA[edge]]>
              </value>
            </param>
          </params>
          <reporter-output>
          </reporter-output>
        </test-method> <!-- setup -->
        <test-method signature="verifyLogin()[pri:1, instance:testCases.TC002_LoginTest@2bb3058]" started-at="2025-06-05T15:26:55 COT" name="verifyLogin" finished-at="2025-06-05T15:27:00 COT" duration-ms="4356" status="PASS">
          <reporter-output>
          </reporter-output>
        </test-method> <!-- verifyLogin -->
        <test-method is-config="true" signature="tearDown()[pri:0, instance:testCases.TC002_LoginTest@2bb3058]" started-at="2025-06-05T15:27:00 COT" name="tearDown" finished-at="2025-06-05T15:27:01 COT" duration-ms="1204" status="PASS">
          <reporter-output>
          </reporter-output>
        </test-method> <!-- tearDown -->
      </class> <!-- testCases.TC002_LoginTest -->
      <class name="testCases.TC001_AccountRegistrationTest">
        <test-method is-config="true" signature="setup(java.lang.String,java.lang.String)[pri:0, instance:testCases.TC001_AccountRegistrationTest@21337f7b]" started-at="2025-06-05T15:26:16 COT" name="setup" finished-at="2025-06-05T15:26:41 COT" duration-ms="24686" status="PASS">
          <params>
            <param index="0">
              <value>
                <![CDATA[Linux]]>
              </value>
            </param>
            <param index="1">
              <value>
                <![CDATA[edge]]>
              </value>
            </param>
          </params>
          <reporter-output>
          </reporter-output>
        </test-method> <!-- setup -->
        <test-method signature="verifyAccountRegistration()[pri:1, instance:testCases.TC001_AccountRegistrationTest@21337f7b]" started-at="2025-06-05T15:26:41 COT" name="verifyAccountRegistration" finished-at="2025-06-05T15:26:48 COT" duration-ms="7365" status="PASS">
          <reporter-output>
          </reporter-output>
        </test-method> <!-- verifyAccountRegistration -->
        <test-method is-config="true" signature="tearDown()[pri:0, instance:testCases.TC001_AccountRegistrationTest@21337f7b]" started-at="2025-06-05T15:26:48 COT" name="tearDown" finished-at="2025-06-05T15:26:50 COT" duration-ms="1367" status="PASS">
          <reporter-output>
          </reporter-output>
        </test-method> <!-- tearDown -->
      </class> <!-- testCases.TC001_AccountRegistrationTest -->
    </test> <!-- Linux-Edge -->
  </suite> <!-- Suite -->
</testng-results>
